[2026-02-26 01:24:12] --- 상태 체크 ---
2026/02/26 01:17:44 loading corpus...
2026/02/26 01:17:44 serving http on http://0.0.0.0:2345
2026/02/26 01:17:44 serving rpc on tcp://[::]:33239
2026/02/26 01:17:44 booting test machines...
2026/02/26 01:17:44 wait for the connection from test machine...

[2026-02-26 01:26:12] --- 상태 체크 ---
2026/02/26 01:17:44 loading corpus...
2026/02/26 01:17:44 serving http on http://0.0.0.0:2345
2026/02/26 01:17:44 serving rpc on tcp://[::]:33239
2026/02/26 01:17:44 booting test machines...
2026/02/26 01:17:44 wait for the connection from test machine...

[2026-02-26 01:28:12] --- 상태 체크 ---
[[0;32m  OK  [0m] Started [0;1;39mOpenBSD Secure Shell server[0m.
[[0;32m  OK  [0m] Reached target [0;1;39mMulti-User System[0m.
[[0;32m  OK  [0m] Reached target [0;1;39mGraphical Interface[0m.
         Starting [0;1;39mUpdate UTMP about System Runlevel Changes[0m...
[[0;32m  OK  [0m] Finished [0;1;39mUpdate UTMP about System Runlevel Changes[0m.

[2026-02-26 01:30:13] --- 상태 체크 ---
[[0;32m  OK  [0m] Started [0;1;39mOpenBSD Secure Shell server[0m.
[[0;32m  OK  [0m] Reached target [0;1;39mMulti-User System[0m.
[[0;32m  OK  [0m] Reached target [0;1;39mGraphical Interface[0m.
         Starting [0;1;39mUpdate UTMP about System Runlevel Changes[0m...
[[0;32m  OK  [0m] Finished [0;1;39mUpdate UTMP about System Runlevel Changes[0m.

[2026-02-26 01:32:13] --- 상태 체크 ---
[[0;32m  OK  [0m] Started [0;1;39mOpenBSD Secure Shell server[0m.
[[0;32m  OK  [0m] Reached target [0;1;39mMulti-User System[0m.
[[0;32m  OK  [0m] Reached target [0;1;39mGraphical Interface[0m.
         Starting [0;1;39mUpdate UTMP about System Runlevel Changes[0m...
[[0;32m  OK  [0m] Finished [0;1;39mUpdate UTMP about System Runlevel Changes[0m.

[2026-02-26 01:34:13] --- 상태 체크 ---
[[0;32m  OK  [0m] Started [0;1;39mOpenBSD Secure Shell server[0m.
[[0;32m  OK  [0m] Reached target [0;1;39mMulti-User System[0m.
[[0;32m  OK  [0m] Reached target [0;1;39mGraphical Interface[0m.
         Starting [0;1;39mUpdate UTMP about System Runlevel Changes[0m...
[[0;32m  OK  [0m] Finished [0;1;39mUpdate UTMP about System Runlevel Changes[0m.

[2026-02-26 01:36:13] --- 상태 체크 ---
[[0;32m  OK  [0m] Started [0;1;39mOpenBSD Secure Shell server[0m.
[[0;32m  OK  [0m] Reached target [0;1;39mMulti-User System[0m.
[[0;32m  OK  [0m] Reached target [0;1;39mGraphical Interface[0m.
         Starting [0;1;39mUpdate UTMP about System Runlevel Changes[0m...
[[0;32m  OK  [0m] Finished [0;1;39mUpdate UTMP about System Runlevel Changes[0m.

[2026-02-26 01:38:13] --- 상태 체크 ---
[  103.572656][    C1] FS:  00007f9a952188c0(0000) GS:ffff88813dc00000(0000) knlGS:0000000000000000
[  103.572656][    C1] CS:  0010 DS: 0000 ES: 0000 CR0: 0000000080050033
[  103.572656][    C1] CR2: 000055af3d887fe8 CR3: 0000000010d7d000 CR4: 00000000000006e0
[  103.572656][    C1] Kernel panic - not syncing: Fatal exception in interrupt
[  103.572656][    C1] Kernel Offset: disabled

[2026-02-26 01:40:13] --- 상태 체크 ---
[  103.572656][    C1] FS:  00007f9a952188c0(0000) GS:ffff88813dc00000(0000) knlGS:0000000000000000
[  103.572656][    C1] CS:  0010 DS: 0000 ES: 0000 CR0: 0000000080050033
[  103.572656][    C1] CR2: 000055af3d887fe8 CR3: 0000000010d7d000 CR4: 00000000000006e0
[  103.572656][    C1] Kernel panic - not syncing: Fatal exception in interrupt
[  103.572656][    C1] Kernel Offset: disabled

[2026-02-26 01:42:13] --- 상태 체크 ---
[  103.572656][    C1] FS:  00007f9a952188c0(0000) GS:ffff88813dc00000(0000) knlGS:0000000000000000
[  103.572656][    C1] CS:  0010 DS: 0000 ES: 0000 CR0: 0000000080050033
[  103.572656][    C1] CR2: 000055af3d887fe8 CR3: 0000000010d7d000 CR4: 00000000000006e0
[  103.572656][    C1] Kernel panic - not syncing: Fatal exception in interrupt
[  103.572656][    C1] Kernel Offset: disabled

[2026-02-26 01:44:13] --- 상태 체크 ---
[  103.572656][    C1] FS:  00007f9a952188c0(0000) GS:ffff88813dc00000(0000) knlGS:0000000000000000
[  103.572656][    C1] CS:  0010 DS: 0000 ES: 0000 CR0: 0000000080050033
[  103.572656][    C1] CR2: 000055af3d887fe8 CR3: 0000000010d7d000 CR4: 00000000000006e0
[  103.572656][    C1] Kernel panic - not syncing: Fatal exception in interrupt
[  103.572656][    C1] Kernel Offset: disabled

[2026-02-26 01:46:13] --- 상태 체크 ---
[  103.572656][    C1] FS:  00007f9a952188c0(0000) GS:ffff88813dc00000(0000) knlGS:0000000000000000
[  103.572656][    C1] CS:  0010 DS: 0000 ES: 0000 CR0: 0000000080050033
[  103.572656][    C1] CR2: 000055af3d887fe8 CR3: 0000000010d7d000 CR4: 00000000000006e0
[  103.572656][    C1] Kernel panic - not syncing: Fatal exception in interrupt
[  103.572656][    C1] Kernel Offset: disabled

[2026-02-26 01:48:13] --- 상태 체크 ---
[[0;32m  OK  [0m] Started [0;1;39mOpenBSD Secure Shell server[0m.
[[0;32m  OK  [0m] Reached target [0;1;39mMulti-User System[0m.
[[0;32m  OK  [0m] Reached target [0;1;39mGraphical Interface[0m.
         Starting [0;1;39mUpdate UTMP about System Runlevel Changes[0m...
[[0;32m  OK  [0m] Finished [0;1;39mUpdate UTMP about System Runlevel Changes[0m.

[2026-02-26 01:50:13] --- 상태 체크 ---
[[0;32m  OK  [0m] Started [0;1;39mOpenBSD Secure Shell server[0m.
[[0;32m  OK  [0m] Reached target [0;1;39mMulti-User System[0m.
[[0;32m  OK  [0m] Reached target [0;1;39mGraphical Interface[0m.
         Starting [0;1;39mUpdate UTMP about System Runlevel Changes[0m...
[[0;32m  OK  [0m] Finished [0;1;39mUpdate UTMP about System Runlevel Changes[0m.

[2026-02-26 01:52:13] --- 상태 체크 ---
[[0;32m  OK  [0m] Started [0;1;39mOpenBSD Secure Shell server[0m.
[[0;32m  OK  [0m] Reached target [0;1;39mMulti-User System[0m.
[[0;32m  OK  [0m] Reached target [0;1;39mGraphical Interface[0m.
         Starting [0;1;39mUpdate UTMP about System Runlevel Changes[0m...
[[0;32m  OK  [0m] Finished [0;1;39mUpdate UTMP about System Runlevel Changes[0m.

[2026-02-26 01:54:13] --- 상태 체크 ---
[[0;32m  OK  [0m] Started [0;1;39mOpenBSD Secure Shell server[0m.
[[0;32m  OK  [0m] Reached target [0;1;39mMulti-User System[0m.
[[0;32m  OK  [0m] Reached target [0;1;39mGraphical Interface[0m.
         Starting [0;1;39mUpdate UTMP about System Runlevel Changes[0m...
[[0;32m  OK  [0m] Finished [0;1;39mUpdate UTMP about System Runlevel Changes[0m.

[2026-02-26 01:56:13] --- 상태 체크 ---
[[0;32m  OK  [0m] Started [0;1;39mOpenBSD Secure Shell server[0m.
[[0;32m  OK  [0m] Reached target [0;1;39mMulti-User System[0m.
[[0;32m  OK  [0m] Reached target [0;1;39mGraphical Interface[0m.
         Starting [0;1;39mUpdate UTMP about System Runlevel Changes[0m...
[[0;32m  OK  [0m] Finished [0;1;39mUpdate UTMP about System Runlevel Changes[0m.

[2026-02-26 01:58:13] --- 상태 체크 ---
[   75.741389][    C1] FS:  00007f60be8498c0(0000) GS:ffff88813dc00000(0000) knlGS:0000000000000000
[   75.741389][    C1] CS:  0010 DS: 0000 ES: 0000 CR0: 0000000080050033
[   75.741389][    C1] CR2: 00007ffddf9e78a8 CR3: 0000000012c99000 CR4: 00000000000006e0
[   75.741389][    C1] Kernel panic - not syncing: Fatal exception in interrupt
[   75.741389][    C1] Kernel Offset: disabled

[2026-02-26 02:00:13] --- 상태 체크 ---
[   75.741389][    C1] FS:  00007f60be8498c0(0000) GS:ffff88813dc00000(0000) knlGS:0000000000000000
[   75.741389][    C1] CS:  0010 DS: 0000 ES: 0000 CR0: 0000000080050033
[   75.741389][    C1] CR2: 00007ffddf9e78a8 CR3: 0000000012c99000 CR4: 00000000000006e0
[   75.741389][    C1] Kernel panic - not syncing: Fatal exception in interrupt
[   75.741389][    C1] Kernel Offset: disabled

[2026-02-26 02:02:13] --- 상태 체크 ---
[   75.741389][    C1] FS:  00007f60be8498c0(0000) GS:ffff88813dc00000(0000) knlGS:0000000000000000
[   75.741389][    C1] CS:  0010 DS: 0000 ES: 0000 CR0: 0000000080050033
[   75.741389][    C1] CR2: 00007ffddf9e78a8 CR3: 0000000012c99000 CR4: 00000000000006e0
[   75.741389][    C1] Kernel panic - not syncing: Fatal exception in interrupt
[   75.741389][    C1] Kernel Offset: disabled

[2026-02-26 02:04:13] --- 상태 체크 ---
[   75.741389][    C1] FS:  00007f60be8498c0(0000) GS:ffff88813dc00000(0000) knlGS:0000000000000000
[   75.741389][    C1] CS:  0010 DS: 0000 ES: 0000 CR0: 0000000080050033
[   75.741389][    C1] CR2: 00007ffddf9e78a8 CR3: 0000000012c99000 CR4: 00000000000006e0
[   75.741389][    C1] Kernel panic - not syncing: Fatal exception in interrupt
[   75.741389][    C1] Kernel Offset: disabled

[2026-02-26 02:06:13] --- 상태 체크 ---
[   75.741389][    C1] FS:  00007f60be8498c0(0000) GS:ffff88813dc00000(0000) knlGS:0000000000000000
[   75.741389][    C1] CS:  0010 DS: 0000 ES: 0000 CR0: 0000000080050033
[   75.741389][    C1] CR2: 00007ffddf9e78a8 CR3: 0000000012c99000 CR4: 00000000000006e0
[   75.741389][    C1] Kernel panic - not syncing: Fatal exception in interrupt
[   75.741389][    C1] Kernel Offset: disabled

[2026-02-26 02:08:13] --- 상태 체크 ---
[[0;32m  OK  [0m] Started [0;1;39mOpenBSD Secure Shell server[0m.
[[0;32m  OK  [0m] Reached target [0;1;39mMulti-User System[0m.
[[0;32m  OK  [0m] Reached target [0;1;39mGraphical Interface[0m.
         Starting [0;1;39mUpdate UTMP about System Runlevel Changes[0m...
[[0;32m  OK  [0m] Finished [0;1;39mUpdate UTMP about System Runlevel Changes[0m.

[2026-02-26 02:10:13] --- 상태 체크 ---
[[0;32m  OK  [0m] Started [0;1;39mOpenBSD Secure Shell server[0m.
[[0;32m  OK  [0m] Reached target [0;1;39mMulti-User System[0m.
[[0;32m  OK  [0m] Reached target [0;1;39mGraphical Interface[0m.
         Starting [0;1;39mUpdate UTMP about System Runlevel Changes[0m...
[[0;32m  OK  [0m] Finished [0;1;39mUpdate UTMP about System Runlevel Changes[0m.

[2026-02-26 02:12:13] --- 상태 체크 ---
[[0;32m  OK  [0m] Started [0;1;39mOpenBSD Secure Shell server[0m.
[[0;32m  OK  [0m] Reached target [0;1;39mMulti-User System[0m.
[[0;32m  OK  [0m] Reached target [0;1;39mGraphical Interface[0m.
         Starting [0;1;39mUpdate UTMP about System Runlevel Changes[0m...
[[0;32m  OK  [0m] Finished [0;1;39mUpdate UTMP about System Runlevel Changes[0m.

[2026-02-26 02:14:13] --- 상태 체크 ---
[[0;32m  OK  [0m] Started [0;1;39mOpenBSD Secure Shell server[0m.
[[0;32m  OK  [0m] Reached target [0;1;39mMulti-User System[0m.
[[0;32m  OK  [0m] Reached target [0;1;39mGraphical Interface[0m.
         Starting [0;1;39mUpdate UTMP about System Runlevel Changes[0m...
[[0;32m  OK  [0m] Finished [0;1;39mUpdate UTMP about System Runlevel Changes[0m.

[2026-02-26 02:16:13] --- 상태 체크 ---
[[0;32m  OK  [0m] Started [0;1;39mOpenBSD Secure Shell server[0m.
[[0;32m  OK  [0m] Reached target [0;1;39mMulti-User System[0m.
[[0;32m  OK  [0m] Reached target [0;1;39mGraphical Interface[0m.
         Starting [0;1;39mUpdate UTMP about System Runlevel Changes[0m...
[[0;32m  OK  [0m] Finished [0;1;39mUpdate UTMP about System Runlevel Changes[0m.

[2026-02-26 02:18:13] --- 상태 체크 ---
[[0;32m  OK  [0m] Started [0;1;39mOpenBSD Secure Shell server[0m.
[[0;32m  OK  [0m] Reached target [0;1;39mMulti-User System[0m.
[[0;32m  OK  [0m] Reached target [0;1;39mGraphical Interface[0m.
         Starting [0;1;39mUpdate UTMP about System Runlevel Changes[0m...
[[0;32m  OK  [0m] Finished [0;1;39mUpdate UTMP about System Runlevel Changes[0m.

[2026-02-26 02:20:13] --- 상태 체크 ---
[[0;32m  OK  [0m] Started [0;1;39mOpenBSD Secure Shell server[0m.
[[0;32m  OK  [0m] Reached target [0;1;39mMulti-User System[0m.
[[0;32m  OK  [0m] Reached target [0;1;39mGraphical Interface[0m.
         Starting [0;1;39mUpdate UTMP about System Runlevel Changes[0m...
[[0;32m  OK  [0m] Finished [0;1;39mUpdate UTMP about System Runlevel Changes[0m.

[2026-02-26 02:22:13] --- 상태 체크 ---
[[0;32m  OK  [0m] Started [0;1;39mOpenBSD Secure Shell server[0m.
[[0;32m  OK  [0m] Reached target [0;1;39mMulti-User System[0m.
[[0;32m  OK  [0m] Reached target [0;1;39mGraphical Interface[0m.
         Starting [0;1;39mUpdate UTMP about System Runlevel Changes[0m...
[[0;32m  OK  [0m] Finished [0;1;39mUpdate UTMP about System Runlevel Changes[0m.

[2026-02-26 02:24:13] --- 상태 체크 ---
[[0;32m  OK  [0m] Started [0;1;39mOpenBSD Secure Shell server[0m.
[[0;32m  OK  [0m] Reached target [0;1;39mMulti-User System[0m.
[[0;32m  OK  [0m] Reached target [0;1;39mGraphical Interface[0m.
         Starting [0;1;39mUpdate UTMP about System Runlevel Changes[0m...
[[0;32m  OK  [0m] Finished [0;1;39mUpdate UTMP about System Runlevel Changes[0m.

[2026-02-26 02:26:13] --- 상태 체크 ---
[[0;32m  OK  [0m] Started [0;1;39mOpenBSD Secure Shell server[0m.
[[0;32m  OK  [0m] Reached target [0;1;39mMulti-User System[0m.
[[0;32m  OK  [0m] Reached target [0;1;39mGraphical Interface[0m.
         Starting [0;1;39mUpdate UTMP about System Runlevel Changes[0m...
[[0;32m  OK  [0m] Finished [0;1;39mUpdate UTMP about System Runlevel Changes[0m.

[2026-02-26 02:28:13] --- 상태 체크 ---
[   66.228944][    C0] FS:  00007ff6e98478c0(0000) GS:ffff88807dc00000(0000) knlGS:0000000000000000
[   66.228944][    C0] CS:  0010 DS: 0000 ES: 0000 CR0: 0000000080050033
[   66.228944][    C0] CR2: 00007fe7e6c6c890 CR3: 0000000017d81000 CR4: 00000000000006f0
[   66.228975][    C1] Shutting down cpus with NMI
[   66.228975][    C1] Kernel Offset: disabled

[2026-02-26 02:30:13] --- 상태 체크 ---
[   66.228944][    C0] FS:  00007ff6e98478c0(0000) GS:ffff88807dc00000(0000) knlGS:0000000000000000
[   66.228944][    C0] CS:  0010 DS: 0000 ES: 0000 CR0: 0000000080050033
[   66.228944][    C0] CR2: 00007fe7e6c6c890 CR3: 0000000017d81000 CR4: 00000000000006f0
[   66.228975][    C1] Shutting down cpus with NMI
[   66.228975][    C1] Kernel Offset: disabled

[2026-02-26 02:32:13] --- 상태 체크 ---
[   66.228944][    C0] FS:  00007ff6e98478c0(0000) GS:ffff88807dc00000(0000) knlGS:0000000000000000
[   66.228944][    C0] CS:  0010 DS: 0000 ES: 0000 CR0: 0000000080050033
[   66.228944][    C0] CR2: 00007fe7e6c6c890 CR3: 0000000017d81000 CR4: 00000000000006f0
[   66.228975][    C1] Shutting down cpus with NMI
[   66.228975][    C1] Kernel Offset: disabled

[2026-02-26 02:34:13] --- 상태 체크 ---
[   66.228944][    C0] FS:  00007ff6e98478c0(0000) GS:ffff88807dc00000(0000) knlGS:0000000000000000
[   66.228944][    C0] CS:  0010 DS: 0000 ES: 0000 CR0: 0000000080050033
[   66.228944][    C0] CR2: 00007fe7e6c6c890 CR3: 0000000017d81000 CR4: 00000000000006f0
[   66.228975][    C1] Shutting down cpus with NMI
[   66.228975][    C1] Kernel Offset: disabled

[2026-02-26 02:36:13] --- 상태 체크 ---
[   66.228944][    C0] FS:  00007ff6e98478c0(0000) GS:ffff88807dc00000(0000) knlGS:0000000000000000
[   66.228944][    C0] CS:  0010 DS: 0000 ES: 0000 CR0: 0000000080050033
[   66.228944][    C0] CR2: 00007fe7e6c6c890 CR3: 0000000017d81000 CR4: 00000000000006f0
[   66.228975][    C1] Shutting down cpus with NMI
[   66.228975][    C1] Kernel Offset: disabled

[2026-02-26 02:38:14] --- 상태 체크 ---
[   66.228944][    C0] FS:  00007ff6e98478c0(0000) GS:ffff88807dc00000(0000) knlGS:0000000000000000
[   66.228944][    C0] CS:  0010 DS: 0000 ES: 0000 CR0: 0000000080050033
[   66.228944][    C0] CR2: 00007fe7e6c6c890 CR3: 0000000017d81000 CR4: 00000000000006f0
[   66.228975][    C1] Shutting down cpus with NMI
[   66.228975][    C1] Kernel Offset: disabled

[2026-02-26 02:40:14] --- 상태 체크 ---
         Starting [0;1;39mUpdate UTMP about System Runlevel Changes[0m...
[[0;32m  OK  [0m] Finished [0;1;39mUpdate UTMP about System Runlevel Changes[0m.

Debian GNU/Linux 11 syzkaller ttyS0

[2026-02-26 02:42:14] --- 상태 체크 ---
         Starting [0;1;39mUpdate UTMP about System Runlevel Changes[0m...
[[0;32m  OK  [0m] Finished [0;1;39mUpdate UTMP about System Runlevel Changes[0m.

Debian GNU/Linux 11 syzkaller ttyS0

[2026-02-26 02:44:14] --- 상태 체크 ---
         Starting [0;1;39mUpdate UTMP about System Runlevel Changes[0m...
[[0;32m  OK  [0m] Finished [0;1;39mUpdate UTMP about System Runlevel Changes[0m.

Debian GNU/Linux 11 syzkaller ttyS0

[2026-02-26 02:46:14] --- 상태 체크 ---
         Starting [0;1;39mUpdate UTMP about System Runlevel Changes[0m...
[[0;32m  OK  [0m] Finished [0;1;39mUpdate UTMP about System Runlevel Changes[0m.

Debian GNU/Linux 11 syzkaller ttyS0

[2026-02-26 02:48:14] --- 상태 체크 ---
         Starting [0;1;39mUpdate UTMP about System Runlevel Changes[0m...
[[0;32m  OK  [0m] Finished [0;1;39mUpdate UTMP about System Runlevel Changes[0m.

Debian GNU/Linux 11 syzkaller ttyS0

[2026-02-26 02:50:14] --- 상태 체크 ---
         Starting [0;1;39mUpdate UTMP about System Runlevel Changes[0m...
[[0;32m  OK  [0m] Finished [0;1;39mUpdate UTMP about System Runlevel Changes[0m.

Debian GNU/Linux 11 syzkaller ttyS0

[2026-02-26 02:52:14] --- 상태 체크 ---
         Starting [0;1;39mUpdate UTMP about System Runlevel Changes[0m...
[[0;32m  OK  [0m] Finished [0;1;39mUpdate UTMP about System Runlevel Changes[0m.

Debian GNU/Linux 11 syzkaller ttyS0

[2026-02-26 02:54:14] --- 상태 체크 ---
         Starting [0;1;39mUpdate UTMP about System Runlevel Changes[0m...
[[0;32m  OK  [0m] Finished [0;1;39mUpdate UTMP about System Runlevel Changes[0m.

Debian GNU/Linux 11 syzkaller ttyS0

[2026-02-26 02:56:14] --- 상태 체크 ---
         Starting [0;1;39mUpdate UTMP about System Runlevel Changes[0m...
[[0;32m  OK  [0m] Finished [0;1;39mUpdate UTMP about System Runlevel Changes[0m.

Debian GNU/Linux 11 syzkaller ttyS0

[2026-02-26 02:58:14] --- 상태 체크 ---
         Starting [0;1;39mUpdate UTMP about System Runlevel Changes[0m...
[[0;32m  OK  [0m] Finished [0;1;39mUpdate UTMP about System Runlevel Changes[0m.

Debian GNU/Linux 11 syzkaller ttyS0

[2026-02-26 03:00:14] --- 상태 체크 ---
         Starting [0;1;39mUpdate UTMP about System Runlevel Changes[0m...
[[0;32m  OK  [0m] Finished [0;1;39mUpdate UTMP about System Runlevel Changes[0m.

Debian GNU/Linux 11 syzkaller ttyS0

[2026-02-26 03:02:14] --- 상태 체크 ---
         Starting [0;1;39mUpdate UTMP about System Runlevel Changes[0m...
[[0;32m  OK  [0m] Finished [0;1;39mUpdate UTMP about System Runlevel Changes[0m.

Debian GNU/Linux 11 syzkaller ttyS0

[2026-02-26 03:04:14] --- 상태 체크 ---
         Starting [0;1;39mUpdate UTMP about System Runlevel Changes[0m...
[[0;32m  OK  [0m] Finished [0;1;39mUpdate UTMP about System Runlevel Changes[0m.

Debian GNU/Linux 11 syzkaller ttyS0

[2026-02-26 03:06:14] --- 상태 체크 ---
         Starting [0;1;39mUpdate UTMP about System Runlevel Changes[0m...
[[0;32m  OK  [0m] Finished [0;1;39mUpdate UTMP about System Runlevel Changes[0m.

Debian GNU/Linux 11 syzkaller ttyS0

[2026-02-26 03:08:14] --- 상태 체크 ---
         Starting [0;1;39mUpdate UTMP about System Runlevel Changes[0m...
[[0;32m  OK  [0m] Finished [0;1;39mUpdate UTMP about System Runlevel Changes[0m.

Debian GNU/Linux 11 syzkaller ttyS0

[2026-02-26 03:10:14] --- 상태 체크 ---
         Starting [0;1;39mUpdate UTMP about System Runlevel Changes[0m...
[[0;32m  OK  [0m] Finished [0;1;39mUpdate UTMP about System Runlevel Changes[0m.

Debian GNU/Linux 11 syzkaller ttyS0

[2026-02-26 03:12:14] --- 상태 체크 ---
         Starting [0;1;39mUpdate UTMP about System Runlevel Changes[0m...
[[0;32m  OK  [0m] Finished [0;1;39mUpdate UTMP about System Runlevel Changes[0m.

Debian GNU/Linux 11 syzkaller ttyS0

[2026-02-26 03:14:14] --- 상태 체크 ---
         Starting [0;1;39mUpdate UTMP about System Runlevel Changes[0m...
[[0;32m  OK  [0m] Finished [0;1;39mUpdate UTMP about System Runlevel Changes[0m.

Debian GNU/Linux 11 syzkaller ttyS0

[2026-02-26 03:16:14] --- 상태 체크 ---
         Starting [0;1;39mUpdate UTMP about System Runlevel Changes[0m...
[[0;32m  OK  [0m] Finished [0;1;39mUpdate UTMP about System Runlevel Changes[0m.

Debian GNU/Linux 11 syzkaller ttyS0

[2026-02-26 03:18:14] --- 상태 체크 ---
         Starting [0;1;39mUpdate UTMP about System Runlevel Changes[0m...
[[0;32m  OK  [0m] Finished [0;1;39mUpdate UTMP about System Runlevel Changes[0m.

Debian GNU/Linux 11 syzkaller ttyS0

[2026-02-26 03:20:14] --- 상태 체크 ---
         Starting [0;1;39mUpdate UTMP about System Runlevel Changes[0m...
[[0;32m  OK  [0m] Finished [0;1;39mUpdate UTMP about System Runlevel Changes[0m.

Debian GNU/Linux 11 syzkaller ttyS0

[2026-02-26 03:22:14] --- 상태 체크 ---
         Starting [0;1;39mUpdate UTMP about System Runlevel Changes[0m...
[[0;32m  OK  [0m] Finished [0;1;39mUpdate UTMP about System Runlevel Changes[0m.

Debian GNU/Linux 11 syzkaller ttyS0

[2026-02-26 03:24:14] --- 상태 체크 ---
         Starting [0;1;39mUpdate UTMP about System Runlevel Changes[0m...
[[0;32m  OK  [0m] Finished [0;1;39mUpdate UTMP about System Runlevel Changes[0m.

Debian GNU/Linux 11 syzkaller ttyS0

[2026-02-26 03:26:14] --- 상태 체크 ---
         Starting [0;1;39mUpdate UTMP about System Runlevel Changes[0m...
[[0;32m  OK  [0m] Finished [0;1;39mUpdate UTMP about System Runlevel Changes[0m.

Debian GNU/Linux 11 syzkaller ttyS0

[2026-02-26 03:28:14] --- 상태 체크 ---
         Starting [0;1;39mUpdate UTMP about System Runlevel Changes[0m...
[[0;32m  OK  [0m] Finished [0;1;39mUpdate UTMP about System Runlevel Changes[0m.

Debian GNU/Linux 11 syzkaller ttyS0

[2026-02-26 03:30:14] --- 상태 체크 ---
         Starting [0;1;39mUpdate UTMP about System Runlevel Changes[0m...
[[0;32m  OK  [0m] Finished [0;1;39mUpdate UTMP about System Runlevel Changes[0m.

Debian GNU/Linux 11 syzkaller ttyS0

[2026-02-26 03:32:14] --- 상태 체크 ---
         Starting [0;1;39mUpdate UTMP about System Runlevel Changes[0m...
[[0;32m  OK  [0m] Finished [0;1;39mUpdate UTMP about System Runlevel Changes[0m.

Debian GNU/Linux 11 syzkaller ttyS0

[2026-02-26 03:34:14] --- 상태 체크 ---
         Starting [0;1;39mUpdate UTMP about System Runlevel Changes[0m...
[[0;32m  OK  [0m] Finished [0;1;39mUpdate UTMP about System Runlevel Changes[0m.

Debian GNU/Linux 11 syzkaller ttyS0

[2026-02-26 03:36:14] --- 상태 체크 ---
         Starting [0;1;39mUpdate UTMP about System Runlevel Changes[0m...
[[0;32m  OK  [0m] Finished [0;1;39mUpdate UTMP about System Runlevel Changes[0m.

Debian GNU/Linux 11 syzkaller ttyS0

[2026-02-26 03:38:14] --- 상태 체크 ---
         Starting [0;1;39mUpdate UTMP about System Runlevel Changes[0m...
[[0;32m  OK  [0m] Finished [0;1;39mUpdate UTMP about System Runlevel Changes[0m.

Debian GNU/Linux 11 syzkaller ttyS0

[2026-02-26 03:40:14] --- 상태 체크 ---
         Starting [0;1;39mUpdate UTMP about System Runlevel Changes[0m...
[[0;32m  OK  [0m] Finished [0;1;39mUpdate UTMP about System Runlevel Changes[0m.

Debian GNU/Linux 11 syzkaller ttyS0

[2026-02-26 03:42:14] --- 상태 체크 ---
         Starting [0;1;39mUpdate UTMP about System Runlevel Changes[0m...
[[0;32m  OK  [0m] Finished [0;1;39mUpdate UTMP about System Runlevel Changes[0m.

Debian GNU/Linux 11 syzkaller ttyS0

[2026-02-26 03:44:14] --- 상태 체크 ---
         Starting [0;1;39mUpdate UTMP about System Runlevel Changes[0m...
[[0;32m  OK  [0m] Finished [0;1;39mUpdate UTMP about System Runlevel Changes[0m.

Debian GNU/Linux 11 syzkaller ttyS0

[2026-02-26 03:46:14] --- 상태 체크 ---
         Starting [0;1;39mUpdate UTMP about System Runlevel Changes[0m...
[[0;32m  OK  [0m] Finished [0;1;39mUpdate UTMP about System Runlevel Changes[0m.

Debian GNU/Linux 11 syzkaller ttyS0

[2026-02-26 03:48:14] --- 상태 체크 ---
         Starting [0;1;39mUpdate UTMP about System Runlevel Changes[0m...
[[0;32m  OK  [0m] Finished [0;1;39mUpdate UTMP about System Runlevel Changes[0m.

Debian GNU/Linux 11 syzkaller ttyS0

[2026-02-26 03:50:14] --- 상태 체크 ---
         Starting [0;1;39mUpdate UTMP about System Runlevel Changes[0m...
[[0;32m  OK  [0m] Finished [0;1;39mUpdate UTMP about System Runlevel Changes[0m.

Debian GNU/Linux 11 syzkaller ttyS0

[2026-02-26 03:52:14] --- 상태 체크 ---
         Starting [0;1;39mUpdate UTMP about System Runlevel Changes[0m...
[[0;32m  OK  [0m] Finished [0;1;39mUpdate UTMP about System Runlevel Changes[0m.

Debian GNU/Linux 11 syzkaller ttyS0

[2026-02-26 03:54:15] --- 상태 체크 ---
         Starting [0;1;39mUpdate UTMP about System Runlevel Changes[0m...
[[0;32m  OK  [0m] Finished [0;1;39mUpdate UTMP about System Runlevel Changes[0m.

Debian GNU/Linux 11 syzkaller ttyS0

[2026-02-26 03:56:15] --- 상태 체크 ---
         Starting [0;1;39mUpdate UTMP about System Runlevel Changes[0m...
[[0;32m  OK  [0m] Finished [0;1;39mUpdate UTMP about System Runlevel Changes[0m.

Debian GNU/Linux 11 syzkaller ttyS0

[2026-02-26 03:58:15] --- 상태 체크 ---
         Starting [0;1;39mUpdate UTMP about System Runlevel Changes[0m...
[[0;32m  OK  [0m] Finished [0;1;39mUpdate UTMP about System Runlevel Changes[0m.

Debian GNU/Linux 11 syzkaller ttyS0

[2026-02-26 04:00:15] --- 상태 체크 ---
[   42.303549][    C0] FS:  00007f3df06ff900(0000) GS:ffff88807dc00000(0000) knlGS:0000000000000000
[   42.303549][    C0] CS:  0010 DS: 0000 ES: 0000 CR0: 0000000080050033
[   42.303549][    C0] CR2: 0000558ae8d804d8 CR3: 0000000011964000 CR4: 00000000000006f0
[   42.303627][    C1] Shutting down cpus with NMI
[   42.303627][    C1] Kernel Offset: disabled

[2026-02-26 04:02:15] --- 상태 체크 ---
[   42.303549][    C0] FS:  00007f3df06ff900(0000) GS:ffff88807dc00000(0000) knlGS:0000000000000000
[   42.303549][    C0] CS:  0010 DS: 0000 ES: 0000 CR0: 0000000080050033
[   42.303549][    C0] CR2: 0000558ae8d804d8 CR3: 0000000011964000 CR4: 00000000000006f0
[   42.303627][    C1] Shutting down cpus with NMI
[   42.303627][    C1] Kernel Offset: disabled

[2026-02-26 04:04:15] --- 상태 체크 ---
[   42.303549][    C0] FS:  00007f3df06ff900(0000) GS:ffff88807dc00000(0000) knlGS:0000000000000000
[   42.303549][    C0] CS:  0010 DS: 0000 ES: 0000 CR0: 0000000080050033
[   42.303549][    C0] CR2: 0000558ae8d804d8 CR3: 0000000011964000 CR4: 00000000000006f0
[   42.303627][    C1] Shutting down cpus with NMI
[   42.303627][    C1] Kernel Offset: disabled

[2026-02-26 04:06:15] --- 상태 체크 ---
[   42.303549][    C0] FS:  00007f3df06ff900(0000) GS:ffff88807dc00000(0000) knlGS:0000000000000000
[   42.303549][    C0] CS:  0010 DS: 0000 ES: 0000 CR0: 0000000080050033
[   42.303549][    C0] CR2: 0000558ae8d804d8 CR3: 0000000011964000 CR4: 00000000000006f0
[   42.303627][    C1] Shutting down cpus with NMI
[   42.303627][    C1] Kernel Offset: disabled

[2026-02-26 04:08:15] --- 상태 체크 ---
[   42.303549][    C0] FS:  00007f3df06ff900(0000) GS:ffff88807dc00000(0000) knlGS:0000000000000000
[   42.303549][    C0] CS:  0010 DS: 0000 ES: 0000 CR0: 0000000080050033
[   42.303549][    C0] CR2: 0000558ae8d804d8 CR3: 0000000011964000 CR4: 00000000000006f0
[   42.303627][    C1] Shutting down cpus with NMI
[   42.303627][    C1] Kernel Offset: disabled

[2026-02-26 04:10:15] --- 상태 체크 ---
         Starting [0;1;39mUpdate UTMP about System Runlevel Changes[0m...
[[0;32m  OK  [0m] Finished [0;1;39mUpdate UTMP about System Runlevel Changes[0m.

Debian GNU/Linux 11 syzkaller ttyS0

[2026-02-26 04:12:15] --- 상태 체크 ---
         Starting [0;1;39mUpdate UTMP about System Runlevel Changes[0m...
[[0;32m  OK  [0m] Finished [0;1;39mUpdate UTMP about System Runlevel Changes[0m.

Debian GNU/Linux 11 syzkaller ttyS0

[2026-02-26 04:14:15] --- 상태 체크 ---
         Starting [0;1;39mUpdate UTMP about System Runlevel Changes[0m...
[[0;32m  OK  [0m] Finished [0;1;39mUpdate UTMP about System Runlevel Changes[0m.

Debian GNU/Linux 11 syzkaller ttyS0

[2026-02-26 04:16:15] --- 상태 체크 ---
         Starting [0;1;39mUpdate UTMP about System Runlevel Changes[0m...
[[0;32m  OK  [0m] Finished [0;1;39mUpdate UTMP about System Runlevel Changes[0m.

Debian GNU/Linux 11 syzkaller ttyS0

[2026-02-26 04:18:15] --- 상태 체크 ---
         Starting [0;1;39mUpdate UTMP about System Runlevel Changes[0m...
[[0;32m  OK  [0m] Finished [0;1;39mUpdate UTMP about System Runlevel Changes[0m.

Debian GNU/Linux 11 syzkaller ttyS0

[2026-02-26 04:20:15] --- 상태 체크 ---
[  405.322059][    C1] FS:  0000000000000000(0000) GS:ffff88813dc00000(0000) knlGS:0000000000000000
[  405.322059][    C1] CS:  0010 DS: 0000 ES: 0000 CR0: 0000000080050033
[  405.322059][    C1] CR2: 00007fd5697d7280 CR3: 00000000114df000 CR4: 00000000000006e0
[  405.322059][    C1] Kernel panic - not syncing: Fatal exception in interrupt
[  405.322059][    C1] Kernel Offset: disabled

[2026-02-26 04:22:15] --- 상태 체크 ---
[  405.322059][    C1] FS:  0000000000000000(0000) GS:ffff88813dc00000(0000) knlGS:0000000000000000
[  405.322059][    C1] CS:  0010 DS: 0000 ES: 0000 CR0: 0000000080050033
[  405.322059][    C1] CR2: 00007fd5697d7280 CR3: 00000000114df000 CR4: 00000000000006e0
[  405.322059][    C1] Kernel panic - not syncing: Fatal exception in interrupt
[  405.322059][    C1] Kernel Offset: disabled

[2026-02-26 04:24:15] --- 상태 체크 ---
[  405.322059][    C1] FS:  0000000000000000(0000) GS:ffff88813dc00000(0000) knlGS:0000000000000000
[  405.322059][    C1] CS:  0010 DS: 0000 ES: 0000 CR0: 0000000080050033
[  405.322059][    C1] CR2: 00007fd5697d7280 CR3: 00000000114df000 CR4: 00000000000006e0
[  405.322059][    C1] Kernel panic - not syncing: Fatal exception in interrupt
[  405.322059][    C1] Kernel Offset: disabled

[2026-02-26 04:26:15] --- 상태 체크 ---
[  405.322059][    C1] FS:  0000000000000000(0000) GS:ffff88813dc00000(0000) knlGS:0000000000000000
[  405.322059][    C1] CS:  0010 DS: 0000 ES: 0000 CR0: 0000000080050033
[  405.322059][    C1] CR2: 00007fd5697d7280 CR3: 00000000114df000 CR4: 00000000000006e0
[  405.322059][    C1] Kernel panic - not syncing: Fatal exception in interrupt
[  405.322059][    C1] Kernel Offset: disabled

[2026-02-26 04:28:15] --- 상태 체크 ---
[  405.322059][    C1] FS:  0000000000000000(0000) GS:ffff88813dc00000(0000) knlGS:0000000000000000
[  405.322059][    C1] CS:  0010 DS: 0000 ES: 0000 CR0: 0000000080050033
[  405.322059][    C1] CR2: 00007fd5697d7280 CR3: 00000000114df000 CR4: 00000000000006e0
[  405.322059][    C1] Kernel panic - not syncing: Fatal exception in interrupt
[  405.322059][    C1] Kernel Offset: disabled

[2026-02-26 04:30:15] --- 상태 체크 ---
         Starting [0;1;39mUpdate UTMP about System Runlevel Changes[0m...
[[0;32m  OK  [0m] Finished [0;1;39mUpdate UTMP about System Runlevel Changes[0m.

Debian GNU/Linux 11 syzkaller ttyS0

[2026-02-26 04:32:15] --- 상태 체크 ---
         Starting [0;1;39mUpdate UTMP about System Runlevel Changes[0m...
[[0;32m  OK  [0m] Finished [0;1;39mUpdate UTMP about System Runlevel Changes[0m.

Debian GNU/Linux 11 syzkaller ttyS0

[2026-02-26 04:34:15] --- 상태 체크 ---
         Starting [0;1;39mUpdate UTMP about System Runlevel Changes[0m...
[[0;32m  OK  [0m] Finished [0;1;39mUpdate UTMP about System Runlevel Changes[0m.

Debian GNU/Linux 11 syzkaller ttyS0

[2026-02-26 04:36:15] --- 상태 체크 ---
         Starting [0;1;39mUpdate UTMP about System Runlevel Changes[0m...
[[0;32m  OK  [0m] Finished [0;1;39mUpdate UTMP about System Runlevel Changes[0m.

Debian GNU/Linux 11 syzkaller ttyS0

[2026-02-26 04:38:15] --- 상태 체크 ---
         Starting [0;1;39mUpdate UTMP about System Runlevel Changes[0m...
[[0;32m  OK  [0m] Finished [0;1;39mUpdate UTMP about System Runlevel Changes[0m.

Debian GNU/Linux 11 syzkaller ttyS0

[2026-02-26 04:40:15] --- 상태 체크 ---
[  459.174804][    C1] FS:  0000000000000000(0000) GS:ffff88813dc00000(0000) knlGS:0000000000000000
[  459.174804][    C1] CS:  0010 DS: 0000 ES: 0000 CR0: 0000000080050033
[  459.174804][    C1] CR2: 00007ff6c42936f8 CR3: 00000000176d9000 CR4: 00000000000006e0
[  459.174804][    C1] Kernel panic - not syncing: Fatal exception in interrupt
[  459.174804][    C1] Kernel Offset: disabled

[2026-02-26 04:42:15] --- 상태 체크 ---
[  459.174804][    C1] FS:  0000000000000000(0000) GS:ffff88813dc00000(0000) knlGS:0000000000000000
[  459.174804][    C1] CS:  0010 DS: 0000 ES: 0000 CR0: 0000000080050033
[  459.174804][    C1] CR2: 00007ff6c42936f8 CR3: 00000000176d9000 CR4: 00000000000006e0
[  459.174804][    C1] Kernel panic - not syncing: Fatal exception in interrupt
[  459.174804][    C1] Kernel Offset: disabled

[2026-02-26 04:44:15] --- 상태 체크 ---
[  459.174804][    C1] FS:  0000000000000000(0000) GS:ffff88813dc00000(0000) knlGS:0000000000000000
[  459.174804][    C1] CS:  0010 DS: 0000 ES: 0000 CR0: 0000000080050033
[  459.174804][    C1] CR2: 00007ff6c42936f8 CR3: 00000000176d9000 CR4: 00000000000006e0
[  459.174804][    C1] Kernel panic - not syncing: Fatal exception in interrupt
[  459.174804][    C1] Kernel Offset: disabled

[2026-02-26 04:46:15] --- 상태 체크 ---
[  459.174804][    C1] FS:  0000000000000000(0000) GS:ffff88813dc00000(0000) knlGS:0000000000000000
[  459.174804][    C1] CS:  0010 DS: 0000 ES: 0000 CR0: 0000000080050033
[  459.174804][    C1] CR2: 00007ff6c42936f8 CR3: 00000000176d9000 CR4: 00000000000006e0
[  459.174804][    C1] Kernel panic - not syncing: Fatal exception in interrupt
[  459.174804][    C1] Kernel Offset: disabled

[2026-02-26 04:48:15] --- 상태 체크 ---
[  459.174804][    C1] FS:  0000000000000000(0000) GS:ffff88813dc00000(0000) knlGS:0000000000000000
[  459.174804][    C1] CS:  0010 DS: 0000 ES: 0000 CR0: 0000000080050033
[  459.174804][    C1] CR2: 00007ff6c42936f8 CR3: 00000000176d9000 CR4: 00000000000006e0
[  459.174804][    C1] Kernel panic - not syncing: Fatal exception in interrupt
[  459.174804][    C1] Kernel Offset: disabled

[2026-02-26 04:50:15] --- 상태 체크 ---
         Starting [0;1;39mUpdate UTMP about System Runlevel Changes[0m...
[[0;32m  OK  [0m] Finished [0;1;39mUpdate UTMP about System Runlevel Changes[0m.

Debian GNU/Linux 11 syzkaller ttyS0

[2026-02-26 04:52:15] --- 상태 체크 ---
         Starting [0;1;39mUpdate UTMP about System Runlevel Changes[0m...
[[0;32m  OK  [0m] Finished [0;1;39mUpdate UTMP about System Runlevel Changes[0m.

Debian GNU/Linux 11 syzkaller ttyS0

[2026-02-26 04:54:15] --- 상태 체크 ---
         Starting [0;1;39mUpdate UTMP about System Runlevel Changes[0m...
[[0;32m  OK  [0m] Finished [0;1;39mUpdate UTMP about System Runlevel Changes[0m.

Debian GNU/Linux 11 syzkaller ttyS0

[2026-02-26 04:56:15] --- 상태 체크 ---
         Starting [0;1;39mUpdate UTMP about System Runlevel Changes[0m...
[[0;32m  OK  [0m] Finished [0;1;39mUpdate UTMP about System Runlevel Changes[0m.

Debian GNU/Linux 11 syzkaller ttyS0

[2026-02-26 04:58:15] --- 상태 체크 ---
         Starting [0;1;39mUpdate UTMP about System Runlevel Changes[0m...
[[0;32m  OK  [0m] Finished [0;1;39mUpdate UTMP about System Runlevel Changes[0m.

Debian GNU/Linux 11 syzkaller ttyS0

[2026-02-26 05:00:15] --- 상태 체크 ---
         Starting [0;1;39mUpdate UTMP about System Runlevel Changes[0m...
[[0;32m  OK  [0m] Finished [0;1;39mUpdate UTMP about System Runlevel Changes[0m.

Debian GNU/Linux 11 syzkaller ttyS0

[2026-02-26 05:02:15] --- 상태 체크 ---
         Starting [0;1;39mUpdate UTMP about System Runlevel Changes[0m...
[[0;32m  OK  [0m] Finished [0;1;39mUpdate UTMP about System Runlevel Changes[0m.

Debian GNU/Linux 11 syzkaller ttyS0

[2026-02-26 05:04:15] --- 상태 체크 ---
         Starting [0;1;39mUpdate UTMP about System Runlevel Changes[0m...
[[0;32m  OK  [0m] Finished [0;1;39mUpdate UTMP about System Runlevel Changes[0m.

Debian GNU/Linux 11 syzkaller ttyS0

[2026-02-26 05:06:15] --- 상태 체크 ---
         Starting [0;1;39mUpdate UTMP about System Runlevel Changes[0m...
[[0;32m  OK  [0m] Finished [0;1;39mUpdate UTMP about System Runlevel Changes[0m.

Debian GNU/Linux 11 syzkaller ttyS0

[2026-02-26 05:08:15] --- 상태 체크 ---
         Starting [0;1;39mUpdate UTMP about System Runlevel Changes[0m...
[[0;32m  OK  [0m] Finished [0;1;39mUpdate UTMP about System Runlevel Changes[0m.

Debian GNU/Linux 11 syzkaller ttyS0

[2026-02-26 05:10:15] --- 상태 체크 ---
         Starting [0;1;39mUpdate UTMP about System Runlevel Changes[0m...
[[0;32m  OK  [0m] Finished [0;1;39mUpdate UTMP about System Runlevel Changes[0m.

Debian GNU/Linux 11 syzkaller ttyS0

[2026-02-26 05:12:15] --- 상태 체크 ---
         Starting [0;1;39mUpdate UTMP about System Runlevel Changes[0m...
[[0;32m  OK  [0m] Finished [0;1;39mUpdate UTMP about System Runlevel Changes[0m.

Debian GNU/Linux 11 syzkaller ttyS0

[2026-02-26 05:14:15] --- 상태 체크 ---
         Starting [0;1;39mUpdate UTMP about System Runlevel Changes[0m...
[[0;32m  OK  [0m] Finished [0;1;39mUpdate UTMP about System Runlevel Changes[0m.

Debian GNU/Linux 11 syzkaller ttyS0

[2026-02-26 05:16:15] --- 상태 체크 ---
         Starting [0;1;39mUpdate UTMP about System Runlevel Changes[0m...
[[0;32m  OK  [0m] Finished [0;1;39mUpdate UTMP about System Runlevel Changes[0m.

Debian GNU/Linux 11 syzkaller ttyS0

[2026-02-26 05:18:16] --- 상태 체크 ---
         Starting [0;1;39mUpdate UTMP about System Runlevel Changes[0m...
[[0;32m  OK  [0m] Finished [0;1;39mUpdate UTMP about System Runlevel Changes[0m.

Debian GNU/Linux 11 syzkaller ttyS0

[2026-02-26 05:20:16] --- 상태 체크 ---
[[0;32m  OK  [0m] Finished [0;1;39mUpdate UTMP about System Runlevel Changes[0m.

Debian GNU/Linux 11 syzkaller ttyS0

syzkaller login: [  159.406380][ T6453] sshd (6453) used greatest stack depth: 10000 bytes left

[2026-02-26 05:22:16] --- 상태 체크 ---
[[0;32m  OK  [0m] Finished [0;1;39mUpdate UTMP about System Runlevel Changes[0m.

Debian GNU/Linux 11 syzkaller ttyS0

syzkaller login: [  159.406380][ T6453] sshd (6453) used greatest stack depth: 10000 bytes left

[2026-02-26 05:24:16] --- 상태 체크 ---
[[0;32m  OK  [0m] Finished [0;1;39mUpdate UTMP about System Runlevel Changes[0m.

Debian GNU/Linux 11 syzkaller ttyS0

syzkaller login: [  159.406380][ T6453] sshd (6453) used greatest stack depth: 10000 bytes left

[2026-02-26 05:26:16] --- 상태 체크 ---
[[0;32m  OK  [0m] Finished [0;1;39mUpdate UTMP about System Runlevel Changes[0m.

Debian GNU/Linux 11 syzkaller ttyS0

syzkaller login: [  159.406380][ T6453] sshd (6453) used greatest stack depth: 10000 bytes left

[2026-02-26 05:28:16] --- 상태 체크 ---
[[0;32m  OK  [0m] Finished [0;1;39mUpdate UTMP about System Runlevel Changes[0m.

Debian GNU/Linux 11 syzkaller ttyS0

syzkaller login: [  159.406380][ T6453] sshd (6453) used greatest stack depth: 10000 bytes left

[2026-02-26 05:30:16] --- 상태 체크 ---
         Starting [0;1;39mUpdate UTMP about System Runlevel Changes[0m...
[[0;32m  OK  [0m] Finished [0;1;39mUpdate UTMP about System Runlevel Changes[0m.

Debian GNU/Linux 11 syzkaller ttyS0

[2026-02-26 05:32:16] --- 상태 체크 ---
         Starting [0;1;39mUpdate UTMP about System Runlevel Changes[0m...
[[0;32m  OK  [0m] Finished [0;1;39mUpdate UTMP about System Runlevel Changes[0m.

Debian GNU/Linux 11 syzkaller ttyS0

[2026-02-26 05:34:16] --- 상태 체크 ---
         Starting [0;1;39mUpdate UTMP about System Runlevel Changes[0m...
[[0;32m  OK  [0m] Finished [0;1;39mUpdate UTMP about System Runlevel Changes[0m.

Debian GNU/Linux 11 syzkaller ttyS0

[2026-02-26 05:36:16] --- 상태 체크 ---
         Starting [0;1;39mUpdate UTMP about System Runlevel Changes[0m...
[[0;32m  OK  [0m] Finished [0;1;39mUpdate UTMP about System Runlevel Changes[0m.

Debian GNU/Linux 11 syzkaller ttyS0

[2026-02-26 05:38:16] --- 상태 체크 ---
         Starting [0;1;39mUpdate UTMP about System Runlevel Changes[0m...
[[0;32m  OK  [0m] Finished [0;1;39mUpdate UTMP about System Runlevel Changes[0m.

Debian GNU/Linux 11 syzkaller ttyS0

[2026-02-26 05:40:16] --- 상태 체크 ---
         Starting [0;1;39mUpdate UTMP about System Runlevel Changes[0m...
[[0;32m  OK  [0m] Finished [0;1;39mUpdate UTMP about System Runlevel Changes[0m.

Debian GNU/Linux 11 syzkaller ttyS0

[2026-02-26 05:42:16] --- 상태 체크 ---
         Starting [0;1;39mUpdate UTMP about System Runlevel Changes[0m...
[[0;32m  OK  [0m] Finished [0;1;39mUpdate UTMP about System Runlevel Changes[0m.

Debian GNU/Linux 11 syzkaller ttyS0

[2026-02-26 05:44:16] --- 상태 체크 ---
         Starting [0;1;39mUpdate UTMP about System Runlevel Changes[0m...
[[0;32m  OK  [0m] Finished [0;1;39mUpdate UTMP about System Runlevel Changes[0m.

Debian GNU/Linux 11 syzkaller ttyS0

[2026-02-26 05:46:16] --- 상태 체크 ---
         Starting [0;1;39mUpdate UTMP about System Runlevel Changes[0m...
[[0;32m  OK  [0m] Finished [0;1;39mUpdate UTMP about System Runlevel Changes[0m.

Debian GNU/Linux 11 syzkaller ttyS0

[2026-02-26 05:48:16] --- 상태 체크 ---
         Starting [0;1;39mUpdate UTMP about System Runlevel Changes[0m...
[[0;32m  OK  [0m] Finished [0;1;39mUpdate UTMP about System Runlevel Changes[0m.

Debian GNU/Linux 11 syzkaller ttyS0

[2026-02-26 05:50:16] --- 상태 체크 ---
[[0;32m  OK  [0m] Finished [0;1;39mUpdate UTMP about System Runlevel Changes[0m.

Debian GNU/Linux 11 syzkaller ttyS0

syzkaller login: [  159.389510][ T6459] sshd (6459) used greatest stack depth: 10056 bytes left

[2026-02-26 05:52:16] --- 상태 체크 ---
[[0;32m  OK  [0m] Finished [0;1;39mUpdate UTMP about System Runlevel Changes[0m.

Debian GNU/Linux 11 syzkaller ttyS0

syzkaller login: [  159.389510][ T6459] sshd (6459) used greatest stack depth: 10056 bytes left

[2026-02-26 05:54:16] --- 상태 체크 ---
[[0;32m  OK  [0m] Finished [0;1;39mUpdate UTMP about System Runlevel Changes[0m.

Debian GNU/Linux 11 syzkaller ttyS0

syzkaller login: [  159.389510][ T6459] sshd (6459) used greatest stack depth: 10056 bytes left

[2026-02-26 05:56:16] --- 상태 체크 ---
[[0;32m  OK  [0m] Finished [0;1;39mUpdate UTMP about System Runlevel Changes[0m.

Debian GNU/Linux 11 syzkaller ttyS0

syzkaller login: [  159.389510][ T6459] sshd (6459) used greatest stack depth: 10056 bytes left

[2026-02-26 05:58:16] --- 상태 체크 ---
[[0;32m  OK  [0m] Finished [0;1;39mUpdate UTMP about System Runlevel Changes[0m.

Debian GNU/Linux 11 syzkaller ttyS0

syzkaller login: [  159.389510][ T6459] sshd (6459) used greatest stack depth: 10056 bytes left

[2026-02-26 06:00:16] --- 상태 체크 ---
         Starting [0;1;39mUpdate UTMP about System Runlevel Changes[0m...
[[0;32m  OK  [0m] Finished [0;1;39mUpdate UTMP about System Runlevel Changes[0m.

Debian GNU/Linux 11 syzkaller ttyS0

[2026-02-26 06:02:16] --- 상태 체크 ---
         Starting [0;1;39mUpdate UTMP about System Runlevel Changes[0m...
[[0;32m  OK  [0m] Finished [0;1;39mUpdate UTMP about System Runlevel Changes[0m.

Debian GNU/Linux 11 syzkaller ttyS0

[2026-02-26 06:04:16] --- 상태 체크 ---
         Starting [0;1;39mUpdate UTMP about System Runlevel Changes[0m...
[[0;32m  OK  [0m] Finished [0;1;39mUpdate UTMP about System Runlevel Changes[0m.

Debian GNU/Linux 11 syzkaller ttyS0

[2026-02-26 06:06:16] --- 상태 체크 ---
         Starting [0;1;39mUpdate UTMP about System Runlevel Changes[0m...
[[0;32m  OK  [0m] Finished [0;1;39mUpdate UTMP about System Runlevel Changes[0m.

Debian GNU/Linux 11 syzkaller ttyS0

[2026-02-26 06:08:16] --- 상태 체크 ---
         Starting [0;1;39mUpdate UTMP about System Runlevel Changes[0m...
[[0;32m  OK  [0m] Finished [0;1;39mUpdate UTMP about System Runlevel Changes[0m.

Debian GNU/Linux 11 syzkaller ttyS0

[2026-02-26 06:10:16] --- 상태 체크 ---
[  169.871222][    C1] FS:  0000000000000000(0000) GS:ffff88813dc00000(0000) knlGS:0000000000000000
[  169.871222][    C1] CS:  0010 DS: 0000 ES: 0000 CR0: 0000000080050033
[  169.871222][    C1] CR2: 00007fc99280c260 CR3: 0000000017fac000 CR4: 00000000000006e0
[  169.861254][    C0] Shutting down cpus with NMI
[  169.861254][    C0] Kernel Offset: disabled

[2026-02-26 06:12:16] --- 상태 체크 ---
[  169.871222][    C1] FS:  0000000000000000(0000) GS:ffff88813dc00000(0000) knlGS:0000000000000000
[  169.871222][    C1] CS:  0010 DS: 0000 ES: 0000 CR0: 0000000080050033
[  169.871222][    C1] CR2: 00007fc99280c260 CR3: 0000000017fac000 CR4: 00000000000006e0
[  169.861254][    C0] Shutting down cpus with NMI
[  169.861254][    C0] Kernel Offset: disabled

[2026-02-26 06:14:16] --- 상태 체크 ---
[  169.871222][    C1] FS:  0000000000000000(0000) GS:ffff88813dc00000(0000) knlGS:0000000000000000
[  169.871222][    C1] CS:  0010 DS: 0000 ES: 0000 CR0: 0000000080050033
[  169.871222][    C1] CR2: 00007fc99280c260 CR3: 0000000017fac000 CR4: 00000000000006e0
[  169.861254][    C0] Shutting down cpus with NMI
[  169.861254][    C0] Kernel Offset: disabled

[2026-02-26 06:16:16] --- 상태 체크 ---
[  169.871222][    C1] FS:  0000000000000000(0000) GS:ffff88813dc00000(0000) knlGS:0000000000000000
[  169.871222][    C1] CS:  0010 DS: 0000 ES: 0000 CR0: 0000000080050033
[  169.871222][    C1] CR2: 00007fc99280c260 CR3: 0000000017fac000 CR4: 00000000000006e0
[  169.861254][    C0] Shutting down cpus with NMI
[  169.861254][    C0] Kernel Offset: disabled

[2026-02-26 06:18:16] --- 상태 체크 ---
[  169.871222][    C1] FS:  0000000000000000(0000) GS:ffff88813dc00000(0000) knlGS:0000000000000000
[  169.871222][    C1] CS:  0010 DS: 0000 ES: 0000 CR0: 0000000080050033
[  169.871222][    C1] CR2: 00007fc99280c260 CR3: 0000000017fac000 CR4: 00000000000006e0
[  169.861254][    C0] Shutting down cpus with NMI
[  169.861254][    C0] Kernel Offset: disabled

[2026-02-26 06:20:16] --- 상태 체크 ---
         Starting [0;1;39mUpdate UTMP about System Runlevel Changes[0m...
[[0;32m  OK  [0m] Finished [0;1;39mUpdate UTMP about System Runlevel Changes[0m.

Debian GNU/Linux 11 syzkaller ttyS0

[2026-02-26 06:22:16] --- 상태 체크 ---
         Starting [0;1;39mUpdate UTMP about System Runlevel Changes[0m...
[[0;32m  OK  [0m] Finished [0;1;39mUpdate UTMP about System Runlevel Changes[0m.

Debian GNU/Linux 11 syzkaller ttyS0

[2026-02-26 06:24:16] --- 상태 체크 ---
         Starting [0;1;39mUpdate UTMP about System Runlevel Changes[0m...
[[0;32m  OK  [0m] Finished [0;1;39mUpdate UTMP about System Runlevel Changes[0m.

Debian GNU/Linux 11 syzkaller ttyS0

[2026-02-26 06:26:16] --- 상태 체크 ---
         Starting [0;1;39mUpdate UTMP about System Runlevel Changes[0m...
[[0;32m  OK  [0m] Finished [0;1;39mUpdate UTMP about System Runlevel Changes[0m.

Debian GNU/Linux 11 syzkaller ttyS0

[2026-02-26 06:28:16] --- 상태 체크 ---
         Starting [0;1;39mUpdate UTMP about System Runlevel Changes[0m...
[[0;32m  OK  [0m] Finished [0;1;39mUpdate UTMP about System Runlevel Changes[0m.

Debian GNU/Linux 11 syzkaller ttyS0

[2026-02-26 06:30:17] --- 상태 체크 ---
         Starting [0;1;39mUpdate UTMP about System Runlevel Changes[0m...
[[0;32m  OK  [0m] Finished [0;1;39mUpdate UTMP about System Runlevel Changes[0m.

Debian GNU/Linux 11 syzkaller ttyS0

[2026-02-26 06:32:17] --- 상태 체크 ---
         Starting [0;1;39mUpdate UTMP about System Runlevel Changes[0m...
[[0;32m  OK  [0m] Finished [0;1;39mUpdate UTMP about System Runlevel Changes[0m.

Debian GNU/Linux 11 syzkaller ttyS0

[2026-02-26 06:34:17] --- 상태 체크 ---
         Starting [0;1;39mUpdate UTMP about System Runlevel Changes[0m...
[[0;32m  OK  [0m] Finished [0;1;39mUpdate UTMP about System Runlevel Changes[0m.

Debian GNU/Linux 11 syzkaller ttyS0

[2026-02-26 06:36:17] --- 상태 체크 ---
         Starting [0;1;39mUpdate UTMP about System Runlevel Changes[0m...
[[0;32m  OK  [0m] Finished [0;1;39mUpdate UTMP about System Runlevel Changes[0m.

Debian GNU/Linux 11 syzkaller ttyS0

[2026-02-26 06:38:17] --- 상태 체크 ---
         Starting [0;1;39mUpdate UTMP about System Runlevel Changes[0m...
[[0;32m  OK  [0m] Finished [0;1;39mUpdate UTMP about System Runlevel Changes[0m.

Debian GNU/Linux 11 syzkaller ttyS0

[2026-02-26 06:40:17] --- 상태 체크 ---
         Starting [0;1;39mUpdate UTMP about System Runlevel Changes[0m...
[[0;32m  OK  [0m] Finished [0;1;39mUpdate UTMP about System Runlevel Changes[0m.

Debian GNU/Linux 11 syzkaller ttyS0

[2026-02-26 06:42:17] --- 상태 체크 ---
         Starting [0;1;39mUpdate UTMP about System Runlevel Changes[0m...
[[0;32m  OK  [0m] Finished [0;1;39mUpdate UTMP about System Runlevel Changes[0m.

Debian GNU/Linux 11 syzkaller ttyS0

[2026-02-26 06:44:17] --- 상태 체크 ---
         Starting [0;1;39mUpdate UTMP about System Runlevel Changes[0m...
[[0;32m  OK  [0m] Finished [0;1;39mUpdate UTMP about System Runlevel Changes[0m.

Debian GNU/Linux 11 syzkaller ttyS0

[2026-02-26 06:46:17] --- 상태 체크 ---
         Starting [0;1;39mUpdate UTMP about System Runlevel Changes[0m...
[[0;32m  OK  [0m] Finished [0;1;39mUpdate UTMP about System Runlevel Changes[0m.

Debian GNU/Linux 11 syzkaller ttyS0

[2026-02-26 06:48:17] --- 상태 체크 ---
         Starting [0;1;39mUpdate UTMP about System Runlevel Changes[0m...
[[0;32m  OK  [0m] Finished [0;1;39mUpdate UTMP about System Runlevel Changes[0m.

Debian GNU/Linux 11 syzkaller ttyS0

[2026-02-26 06:50:17] --- 상태 체크 ---
[   16.750365][    C1] FS:  0000000000000000(0000) GS:ffff88813dc00000(0000) knlGS:0000000000000000
[   16.750365][    C1] CS:  0010 DS: 0000 ES: 0000 CR0: 0000000080050033
[   16.750365][    C1] CR2: 0000000000000000 CR3: 0000000006a8a000 CR4: 00000000000006e0
[   16.750365][    C1] Kernel panic - not syncing: Fatal exception in interrupt
[   16.750365][    C1] Kernel Offset: disabled

[2026-02-26 06:52:17] --- 상태 체크 ---
[   16.750365][    C1] FS:  0000000000000000(0000) GS:ffff88813dc00000(0000) knlGS:0000000000000000
[   16.750365][    C1] CS:  0010 DS: 0000 ES: 0000 CR0: 0000000080050033
[   16.750365][    C1] CR2: 0000000000000000 CR3: 0000000006a8a000 CR4: 00000000000006e0
[   16.750365][    C1] Kernel panic - not syncing: Fatal exception in interrupt
[   16.750365][    C1] Kernel Offset: disabled

[2026-02-26 06:54:17] --- 상태 체크 ---
[   16.750365][    C1] FS:  0000000000000000(0000) GS:ffff88813dc00000(0000) knlGS:0000000000000000
[   16.750365][    C1] CS:  0010 DS: 0000 ES: 0000 CR0: 0000000080050033
[   16.750365][    C1] CR2: 0000000000000000 CR3: 0000000006a8a000 CR4: 00000000000006e0
[   16.750365][    C1] Kernel panic - not syncing: Fatal exception in interrupt
[   16.750365][    C1] Kernel Offset: disabled

[2026-02-26 06:56:17] --- 상태 체크 ---
[   16.750365][    C1] FS:  0000000000000000(0000) GS:ffff88813dc00000(0000) knlGS:0000000000000000
[   16.750365][    C1] CS:  0010 DS: 0000 ES: 0000 CR0: 0000000080050033
[   16.750365][    C1] CR2: 0000000000000000 CR3: 0000000006a8a000 CR4: 00000000000006e0
[   16.750365][    C1] Kernel panic - not syncing: Fatal exception in interrupt
[   16.750365][    C1] Kernel Offset: disabled

[2026-02-26 06:58:17] --- 상태 체크 ---
[   16.750365][    C1] FS:  0000000000000000(0000) GS:ffff88813dc00000(0000) knlGS:0000000000000000
[   16.750365][    C1] CS:  0010 DS: 0000 ES: 0000 CR0: 0000000080050033
[   16.750365][    C1] CR2: 0000000000000000 CR3: 0000000006a8a000 CR4: 00000000000006e0
[   16.750365][    C1] Kernel panic - not syncing: Fatal exception in interrupt
[   16.750365][    C1] Kernel Offset: disabled

[2026-02-26 07:00:17] --- 상태 체크 ---
[  153.882259][    C1] FS:  00007f2a2d0f68c0(0000) GS:ffff88813dc00000(0000) knlGS:0000000000000000
[  153.882259][    C1] CS:  0010 DS: 0000 ES: 0000 CR0: 0000000080050033
[  153.882259][    C1] CR2: 0000555ea4a6c248 CR3: 00000000110f7000 CR4: 00000000000006e0
[  153.882236][    C0] Shutting down cpus with NMI
[  153.882236][    C0] Kernel Offset: disabled

[2026-02-26 07:02:17] --- 상태 체크 ---
[  153.882259][    C1] FS:  00007f2a2d0f68c0(0000) GS:ffff88813dc00000(0000) knlGS:0000000000000000
[  153.882259][    C1] CS:  0010 DS: 0000 ES: 0000 CR0: 0000000080050033
[  153.882259][    C1] CR2: 0000555ea4a6c248 CR3: 00000000110f7000 CR4: 00000000000006e0
[  153.882236][    C0] Shutting down cpus with NMI
[  153.882236][    C0] Kernel Offset: disabled

[2026-02-26 07:04:17] --- 상태 체크 ---
[  153.882259][    C1] FS:  00007f2a2d0f68c0(0000) GS:ffff88813dc00000(0000) knlGS:0000000000000000
[  153.882259][    C1] CS:  0010 DS: 0000 ES: 0000 CR0: 0000000080050033
[  153.882259][    C1] CR2: 0000555ea4a6c248 CR3: 00000000110f7000 CR4: 00000000000006e0
[  153.882236][    C0] Shutting down cpus with NMI
[  153.882236][    C0] Kernel Offset: disabled

[2026-02-26 07:06:17] --- 상태 체크 ---
[  153.882259][    C1] FS:  00007f2a2d0f68c0(0000) GS:ffff88813dc00000(0000) knlGS:0000000000000000
[  153.882259][    C1] CS:  0010 DS: 0000 ES: 0000 CR0: 0000000080050033
[  153.882259][    C1] CR2: 0000555ea4a6c248 CR3: 00000000110f7000 CR4: 00000000000006e0
[  153.882236][    C0] Shutting down cpus with NMI
[  153.882236][    C0] Kernel Offset: disabled

[2026-02-26 07:08:17] --- 상태 체크 ---
[  153.882259][    C1] FS:  00007f2a2d0f68c0(0000) GS:ffff88813dc00000(0000) knlGS:0000000000000000
[  153.882259][    C1] CS:  0010 DS: 0000 ES: 0000 CR0: 0000000080050033
[  153.882259][    C1] CR2: 0000555ea4a6c248 CR3: 00000000110f7000 CR4: 00000000000006e0
[  153.882236][    C0] Shutting down cpus with NMI
[  153.882236][    C0] Kernel Offset: disabled

[2026-02-26 07:10:17] --- 상태 체크 ---
[[0;32m  OK  [0m] Finished [0;1;39mUpdate UTMP about System Runlevel Changes[0m.

Debian GNU/Linux 11 syzkaller ttyS0

syzkaller login: [  168.566551][ T6453] sshd (6453) used greatest stack depth: 9600 bytes left

[2026-02-26 07:12:17] --- 상태 체크 ---
[[0;32m  OK  [0m] Finished [0;1;39mUpdate UTMP about System Runlevel Changes[0m.

Debian GNU/Linux 11 syzkaller ttyS0

syzkaller login: [  168.566551][ T6453] sshd (6453) used greatest stack depth: 9600 bytes left

[2026-02-26 07:14:17] --- 상태 체크 ---
[[0;32m  OK  [0m] Finished [0;1;39mUpdate UTMP about System Runlevel Changes[0m.

Debian GNU/Linux 11 syzkaller ttyS0

syzkaller login: [  168.566551][ T6453] sshd (6453) used greatest stack depth: 9600 bytes left

[2026-02-26 07:16:17] --- 상태 체크 ---
[[0;32m  OK  [0m] Finished [0;1;39mUpdate UTMP about System Runlevel Changes[0m.

Debian GNU/Linux 11 syzkaller ttyS0

syzkaller login: [  168.566551][ T6453] sshd (6453) used greatest stack depth: 9600 bytes left

[2026-02-26 07:18:17] --- 상태 체크 ---
[[0;32m  OK  [0m] Finished [0;1;39mUpdate UTMP about System Runlevel Changes[0m.

Debian GNU/Linux 11 syzkaller ttyS0

syzkaller login: [  168.566551][ T6453] sshd (6453) used greatest stack depth: 9600 bytes left

[2026-02-26 07:20:17] --- 상태 체크 ---
[[0;32m  OK  [0m] Started [0;1;39mOpenBSD Secure Shell server[0m.
[[0;32m  OK  [0m] Reached target [0;1;39mMulti-User System[0m.
[[0;32m  OK  [0m] Reached target [0;1;39mGraphical Interface[0m.
         Starting [0;1;39mUpdate UTMP about System Runlevel Changes[0m...
[[0;32m  OK  [0m] Finished [0;1;39mUpdate UTMP about System Runlevel Changes[0m.

[2026-02-26 07:22:17] --- 상태 체크 ---
[[0;32m  OK  [0m] Started [0;1;39mOpenBSD Secure Shell server[0m.
[[0;32m  OK  [0m] Reached target [0;1;39mMulti-User System[0m.
[[0;32m  OK  [0m] Reached target [0;1;39mGraphical Interface[0m.
         Starting [0;1;39mUpdate UTMP about System Runlevel Changes[0m...
[[0;32m  OK  [0m] Finished [0;1;39mUpdate UTMP about System Runlevel Changes[0m.

[2026-02-26 07:24:17] --- 상태 체크 ---
[[0;32m  OK  [0m] Started [0;1;39mOpenBSD Secure Shell server[0m.
[[0;32m  OK  [0m] Reached target [0;1;39mMulti-User System[0m.
[[0;32m  OK  [0m] Reached target [0;1;39mGraphical Interface[0m.
         Starting [0;1;39mUpdate UTMP about System Runlevel Changes[0m...
[[0;32m  OK  [0m] Finished [0;1;39mUpdate UTMP about System Runlevel Changes[0m.

[2026-02-26 07:26:17] --- 상태 체크 ---
[[0;32m  OK  [0m] Started [0;1;39mOpenBSD Secure Shell server[0m.
[[0;32m  OK  [0m] Reached target [0;1;39mMulti-User System[0m.
[[0;32m  OK  [0m] Reached target [0;1;39mGraphical Interface[0m.
         Starting [0;1;39mUpdate UTMP about System Runlevel Changes[0m...
[[0;32m  OK  [0m] Finished [0;1;39mUpdate UTMP about System Runlevel Changes[0m.

[2026-02-26 07:28:17] --- 상태 체크 ---
[[0;32m  OK  [0m] Started [0;1;39mOpenBSD Secure Shell server[0m.
[[0;32m  OK  [0m] Reached target [0;1;39mMulti-User System[0m.
[[0;32m  OK  [0m] Reached target [0;1;39mGraphical Interface[0m.
         Starting [0;1;39mUpdate UTMP about System Runlevel Changes[0m...
[[0;32m  OK  [0m] Finished [0;1;39mUpdate UTMP about System Runlevel Changes[0m.

[2026-02-26 07:30:17] --- 상태 체크 ---
         Starting [0;1;39mUpdate UTMP about System Runlevel Changes[0m...
[[0;32m  OK  [0m] Finished [0;1;39mUpdate UTMP about System Runlevel Changes[0m.

Debian GNU/Linux 11 syzkaller ttyS0

[2026-02-26 07:32:17] --- 상태 체크 ---
         Starting [0;1;39mUpdate UTMP about System Runlevel Changes[0m...
[[0;32m  OK  [0m] Finished [0;1;39mUpdate UTMP about System Runlevel Changes[0m.

Debian GNU/Linux 11 syzkaller ttyS0

[2026-02-26 07:34:17] --- 상태 체크 ---
         Starting [0;1;39mUpdate UTMP about System Runlevel Changes[0m...
[[0;32m  OK  [0m] Finished [0;1;39mUpdate UTMP about System Runlevel Changes[0m.

Debian GNU/Linux 11 syzkaller ttyS0

[2026-02-26 07:36:18] --- 상태 체크 ---
         Starting [0;1;39mUpdate UTMP about System Runlevel Changes[0m...
[[0;32m  OK  [0m] Finished [0;1;39mUpdate UTMP about System Runlevel Changes[0m.

Debian GNU/Linux 11 syzkaller ttyS0

[2026-02-26 07:38:18] --- 상태 체크 ---
         Starting [0;1;39mUpdate UTMP about System Runlevel Changes[0m...
[[0;32m  OK  [0m] Finished [0;1;39mUpdate UTMP about System Runlevel Changes[0m.

Debian GNU/Linux 11 syzkaller ttyS0

[2026-02-26 07:40:18] --- 상태 체크 ---
         Starting [0;1;39mUpdate UTMP about System Runlevel Changes[0m...
[[0;32m  OK  [0m] Finished [0;1;39mUpdate UTMP about System Runlevel Changes[0m.

Debian GNU/Linux 11 syzkaller ttyS0

[2026-02-26 07:42:18] --- 상태 체크 ---
         Starting [0;1;39mUpdate UTMP about System Runlevel Changes[0m...
[[0;32m  OK  [0m] Finished [0;1;39mUpdate UTMP about System Runlevel Changes[0m.

Debian GNU/Linux 11 syzkaller ttyS0

[2026-02-26 07:44:18] --- 상태 체크 ---
         Starting [0;1;39mUpdate UTMP about System Runlevel Changes[0m...
[[0;32m  OK  [0m] Finished [0;1;39mUpdate UTMP about System Runlevel Changes[0m.

Debian GNU/Linux 11 syzkaller ttyS0

[2026-02-26 07:46:18] --- 상태 체크 ---
         Starting [0;1;39mUpdate UTMP about System Runlevel Changes[0m...
[[0;32m  OK  [0m] Finished [0;1;39mUpdate UTMP about System Runlevel Changes[0m.

Debian GNU/Linux 11 syzkaller ttyS0

[2026-02-26 07:48:18] --- 상태 체크 ---
         Starting [0;1;39mUpdate UTMP about System Runlevel Changes[0m...
[[0;32m  OK  [0m] Finished [0;1;39mUpdate UTMP about System Runlevel Changes[0m.

Debian GNU/Linux 11 syzkaller ttyS0

[2026-02-26 07:50:18] --- 상태 체크 ---
         Starting [0;1;39mUpdate UTMP about System Runlevel Changes[0m...
[[0;32m  OK  [0m] Finished [0;1;39mUpdate UTMP about System Runlevel Changes[0m.

Debian GNU/Linux 11 syzkaller ttyS0

[2026-02-26 07:52:18] --- 상태 체크 ---
         Starting [0;1;39mUpdate UTMP about System Runlevel Changes[0m...
[[0;32m  OK  [0m] Finished [0;1;39mUpdate UTMP about System Runlevel Changes[0m.

Debian GNU/Linux 11 syzkaller ttyS0

[2026-02-26 07:54:18] --- 상태 체크 ---
         Starting [0;1;39mUpdate UTMP about System Runlevel Changes[0m...
[[0;32m  OK  [0m] Finished [0;1;39mUpdate UTMP about System Runlevel Changes[0m.

Debian GNU/Linux 11 syzkaller ttyS0

[2026-02-26 07:56:18] --- 상태 체크 ---
         Starting [0;1;39mUpdate UTMP about System Runlevel Changes[0m...
[[0;32m  OK  [0m] Finished [0;1;39mUpdate UTMP about System Runlevel Changes[0m.

Debian GNU/Linux 11 syzkaller ttyS0

[2026-02-26 07:58:18] --- 상태 체크 ---
         Starting [0;1;39mUpdate UTMP about System Runlevel Changes[0m...
[[0;32m  OK  [0m] Finished [0;1;39mUpdate UTMP about System Runlevel Changes[0m.

Debian GNU/Linux 11 syzkaller ttyS0

[2026-02-26 08:00:18] --- 상태 체크 ---
[[0;32m  OK  [0m] Finished [0;1;39mUpdate UTMP about System Runlevel Changes[0m.

Debian GNU/Linux 11 syzkaller ttyS0

syzkaller login: [  165.759014][ T6431] sshd (6431) used greatest stack depth: 9976 bytes left

[2026-02-26 08:02:18] --- 상태 체크 ---
[[0;32m  OK  [0m] Finished [0;1;39mUpdate UTMP about System Runlevel Changes[0m.

Debian GNU/Linux 11 syzkaller ttyS0

syzkaller login: [  165.759014][ T6431] sshd (6431) used greatest stack depth: 9976 bytes left

[2026-02-26 08:04:18] --- 상태 체크 ---
[[0;32m  OK  [0m] Finished [0;1;39mUpdate UTMP about System Runlevel Changes[0m.

Debian GNU/Linux 11 syzkaller ttyS0

syzkaller login: [  165.759014][ T6431] sshd (6431) used greatest stack depth: 9976 bytes left

[2026-02-26 08:06:18] --- 상태 체크 ---
[[0;32m  OK  [0m] Finished [0;1;39mUpdate UTMP about System Runlevel Changes[0m.

Debian GNU/Linux 11 syzkaller ttyS0

syzkaller login: [  165.759014][ T6431] sshd (6431) used greatest stack depth: 9976 bytes left

[2026-02-26 08:08:18] --- 상태 체크 ---
[[0;32m  OK  [0m] Finished [0;1;39mUpdate UTMP about System Runlevel Changes[0m.

Debian GNU/Linux 11 syzkaller ttyS0

syzkaller login: [  165.759014][ T6431] sshd (6431) used greatest stack depth: 9976 bytes left

